<?xml version="1.0" encoding="UTF-8"?>
<!-- Generated by org.testng.reporters.JUnitXMLReporter -->
<testsuite ignored="3" hostname="DESKTOP-COIORKL" failures="0" tests="3" name="Default test" time="52.16" errors="0" timestamp="2024-12-31T17:40:20 AST">
  <testcase classname="TestCasesSauceDemo.MainTestCases" name="Login" time="0.232"/>
  <testcase classname="TestCasesSauceDemo.MainTestCases" name="AddRandomitem" time="0.052"/>
  <testcase classname="TestCasesSauceDemo.MainTestCases" name="CheckoutProcess" time="0.373"/>
  <testcase classname="TestCasesSauceDemo.MainTestCases" name="AddItemsThatStartsWithSauce" time="0.0">
    <ignored/>
  </testcase> <!-- AddItemsThatStartsWithSauce -->
  <testcase classname="TestCasesSauceDemo.MainTestCases" name="AddAllItems" time="0.0">
    <ignored/>
  </testcase> <!-- AddAllItems -->
  <testcase classname="TestCasesSauceDemo.MainTestCases" name="AddCertainNumberOfItems" time="0.0">
    <ignored/>
  </testcase> <!-- AddCertainNumberOfItems -->
</testsuite> <!-- Default test -->
