<?xml version="1.0" encoding="UTF-8"?>
<testng-results ignored="3" total="6" passed="3" failed="0" skipped="0">
  <reporter-output>
  </reporter-output>
  <suite started-at="2024-12-31T17:39:28 AST" name="Default suite" finished-at="2024-12-31T17:40:20 AST" duration-ms="52160">
    <groups>
    </groups>
    <test started-at="2024-12-31T17:39:28 AST" name="Default test" finished-at="2024-12-31T17:40:20 AST" duration-ms="52160">
      <class name="TestCasesSauceDemo.MainTestCases">
        <test-method is-config="true" signature="MySetup()[pri:0, instance:TestCasesSauceDemo.MainTestCases@232a7d73]" started-at="2024-12-31T17:39:28 AST" name="MySetup" finished-at="2024-12-31T17:39:30 AST" duration-ms="1368" status="PASS">
          <reporter-output>
          </reporter-output>
        </test-method> <!-- MySetup -->
        <test-method signature="Login()[pri:1, instance:TestCasesSauceDemo.MainTestCases@232a7d73]" started-at="2024-12-31T17:39:30 AST" name="Login" finished-at="2024-12-31T17:39:30 AST" duration-ms="232" status="PASS">
          <reporter-output>
          </reporter-output>
        </test-method> <!-- Login -->
        <test-method signature="AddRandomitem()[pri:3, instance:TestCasesSauceDemo.MainTestCases@232a7d73]" started-at="2024-12-31T17:39:30 AST" name="AddRandomitem" finished-at="2024-12-31T17:39:30 AST" duration-ms="52" status="PASS">
          <reporter-output>
          </reporter-output>
        </test-method> <!-- AddRandomitem -->
        <test-method signature="CheckoutProcess()[pri:4, instance:TestCasesSauceDemo.MainTestCases@232a7d73]" started-at="2024-12-31T17:39:30 AST" name="CheckoutProcess" finished-at="2024-12-31T17:39:30 AST" duration-ms="373" status="PASS">
          <reporter-output>
          </reporter-output>
        </test-method> <!-- CheckoutProcess -->
        <test-method is-config="true" signature="AfterTheTestDone()[pri:0, instance:TestCasesSauceDemo.MainTestCases@232a7d73]" started-at="2024-12-31T17:39:30 AST" name="AfterTheTestDone" finished-at="2024-12-31T17:40:20 AST" duration-ms="50098" status="PASS">
          <reporter-output>
          </reporter-output>
        </test-method> <!-- AfterTheTestDone -->
      </class> <!-- TestCasesSauceDemo.MainTestCases -->
    </test> <!-- Default test -->
  </suite> <!-- Default suite -->
</testng-results>
